#
# There is insufficient memory for the Java Runtime Environment to continue.
# Native memory allocation (malloc) failed to allocate 32744 bytes for ChunkPool::allocate
# Possible reasons:
#   The system is out of physical RAM or swap space
#   The process is running with CompressedOops enabled, and the Java Heap may be blocking the growth of the native heap
# Possible solutions:
#   Reduce memory load on the system
#   Increase physical memory or swap space
#   Check if swap backing store is full
#   Decrease Java heap size (-Xmx/-Xms)
#   Decrease number of Java threads
#   Decrease Java thread stack sizes (-Xss)
#   Set larger code cache with -XX:ReservedCodeCacheSize=
#   JVM is running with Unscaled Compressed Oops mode in which the Java heap is
#     placed in the first 4GB address space. The Java Heap base address is the
#     maximum limit for the native heap growth. Please use -XX:HeapBaseMinAddress
#     to set the Java Heap base and to place the Java Heap above 4GB virtual address.
# This output file may be truncated or incomplete.
#
#  Out of Memory Error (arena.cpp:78), pid=16736, tid=20304
#
# JRE version: OpenJDK Runtime Environment Corretto-17.0.4.8.1 (17.0.4+8) (build 17.0.4+8-LTS)
# Java VM: OpenJDK 64-Bit Server VM Corretto-17.0.4.8.1 (17.0.4+8-LTS, mixed mode, sharing, tiered, compressed oops, compressed class ptrs, g1 gc, windows-amd64)
# No core dump will be written. Minidumps are not enabled by default on client versions of Windows
#

---------------  S U M M A R Y ------------

Command Line: -javaagent:C:\Program Files\JetBrains\IntelliJ IDEA Community Edition 2022.2\lib\idea_rt.jar=59765:C:\Program Files\JetBrains\IntelliJ IDEA Community Edition 2022.2\bin -Dfile.encoding=UTF-8 director.Application

Host: Intel(R) Core(TM) i7 CPU       M 620  @ 2.67GHz, 4 cores, 7G,  Windows 10 , 64 bit Build 19041 (10.0.19041.1889)
Time: Mon Aug 22 12:02:57 2022  Windows 10 , 64 bit Build 19041 (10.0.19041.1889) elapsed time: 0.393711 seconds (0d 0h 0m 0s)

---------------  T H R E A D  ---------------

Current thread (0x0000028c7edfdb40):  JavaThread "C2 CompilerThread0" daemon [_thread_in_native, id=20304, stack(0x000000c5dfa00000,0x000000c5dfb00000)]


Current CompileTask:
C2:    394  274       4       java.lang.ref.Reference::reachabilityFence (1 bytes)

Stack: [0x000000c5dfa00000,0x000000c5dfb00000]
Native frames: (J=compiled Java code, j=interpreted, Vv=VM code, C=native code)
V  [jvm.dll+0x64723a]
V  [jvm.dll+0x7f8894]
V  [jvm.dll+0x7fa04e]
V  [jvm.dll+0x7fa6a3]
V  [jvm.dll+0x234d38]
V  [jvm.dll+0xbd05c]
V  [jvm.dll+0xbd3ac]
V  [jvm.dll+0x62465e]
V  [jvm.dll+0x5dc86c]
V  [jvm.dll+0x5dadd1]
V  [jvm.dll+0x209246]
V  [jvm.dll+0x208947]
V  [jvm.dll+0x198ded]
V  [jvm.dll+0x217d19]
V  [jvm.dll+0x215f64]
V  [jvm.dll+0x7b0d7b]
V  [jvm.dll+0x7ab33a]
V  [jvm.dll+0x6460e5]
C  [ucrtbase.dll+0x21bb2]
C  [KERNEL32.DLL+0x17034]
C  [ntdll.dll+0x52651]


---------------  P R O C E S S  ---------------

Threads class SMR info:
_java_thread_list=0x0000028c7f8f32f0, length=13, elements={
0x0000028c742ca6f0, 0x0000028c7edde9c0, 0x0000028c7eddf640, 0x0000028c7edf7070,
0x0000028c7edf9a40, 0x0000028c7edfa3f0, 0x0000028c7edfada0, 0x0000028c7edfdb40,
0x0000028c7edffe60, 0x0000028c7ee7a690, 0x0000028c7edc7600, 0x0000028c7f8fa600,
0x0000028c7f8faad0
}

Java Threads: ( => current thread )
  0x0000028c742ca6f0 JavaThread "main" [_thread_in_vm, id=14540, stack(0x000000c5ded00000,0x000000c5dee00000)]
  0x0000028c7edde9c0 JavaThread "Reference Handler" daemon [_thread_blocked, id=14492, stack(0x000000c5df400000,0x000000c5df500000)]
  0x0000028c7eddf640 JavaThread "Finalizer" daemon [_thread_blocked, id=16696, stack(0x000000c5df500000,0x000000c5df600000)]
  0x0000028c7edf7070 JavaThread "Signal Dispatcher" daemon [_thread_blocked, id=8740, stack(0x000000c5df600000,0x000000c5df700000)]
  0x0000028c7edf9a40 JavaThread "Attach Listener" daemon [_thread_blocked, id=21440, stack(0x000000c5df700000,0x000000c5df800000)]
  0x0000028c7edfa3f0 JavaThread "Service Thread" daemon [_thread_blocked, id=16372, stack(0x000000c5df800000,0x000000c5df900000)]
  0x0000028c7edfada0 JavaThread "Monitor Deflation Thread" daemon [_thread_blocked, id=15168, stack(0x000000c5df900000,0x000000c5dfa00000)]
=>0x0000028c7edfdb40 JavaThread "C2 CompilerThread0" daemon [_thread_in_native, id=20304, stack(0x000000c5dfa00000,0x000000c5dfb00000)]
  0x0000028c7edffe60 JavaThread "C1 CompilerThread0" daemon [_thread_blocked, id=11996, stack(0x000000c5dfb00000,0x000000c5dfc00000)]
  0x0000028c7ee7a690 JavaThread "Sweeper thread" daemon [_thread_blocked, id=8812, stack(0x000000c5dfc00000,0x000000c5dfd00000)]
  0x0000028c7edc7600 JavaThread "Common-Cleaner" daemon [_thread_blocked, id=18892, stack(0x000000c5dfd00000,0x000000c5dfe00000)]
  0x0000028c7f8fa600 JavaThread "Monitor Ctrl-Break" daemon [_thread_in_vm, id=23340, stack(0x000000c5dfe00000,0x000000c5dff00000)]
  0x0000028c7f8faad0 JavaThread "Notification Thread" daemon [_thread_blocked, id=17624, stack(0x000000c5dff00000,0x000000c5e0000000)]

Other Threads:
  0x0000028c7edd7de0 VMThread "VM Thread" [stack: 0x000000c5df300000,0x000000c5df400000] [id=24176]
  0x0000028c74340e70 WatcherThread [stack: 0x000000c5e0000000,0x000000c5e0100000] [id=3952]
  0x0000028c743270e0 GCTaskThread "GC Thread#0" [stack: 0x000000c5dee00000,0x000000c5def00000] [id=9304]
  0x0000028c743380b0 ConcurrentGCThread "G1 Main Marker" [stack: 0x000000c5def00000,0x000000c5df000000] [id=23320]
  0x0000028c74338ac0 ConcurrentGCThread "G1 Conc#0" [stack: 0x000000c5df000000,0x000000c5df100000] [id=20448]
  0x0000028c743a1250 ConcurrentGCThread "G1 Refine#0" [stack: 0x000000c5df100000,0x000000c5df200000] [id=11456]
  0x0000028c743a1c70 ConcurrentGCThread "G1 Service" [stack: 0x000000c5df200000,0x000000c5df300000] [id=14692]

Threads with active compile tasks:
C2 CompilerThread0      485  274       4       java.lang.ref.Reference::reachabilityFence (1 bytes)

VM state: not at safepoint (normal execution)

VM Mutex/Monitor currently owned by a thread:  ([mutex/lock_event])
[0x0000028c742c46c0] Metaspace_lock - owner thread: 0x0000028c742ca6f0

Heap address: 0x0000000080200000, size: 2046 MB, Compressed Oops mode: 32-bit

CDS archive(s) mapped at: [0x0000000800000000-0x0000000800bc0000-0x0000000800bc0000), size 12320768, SharedBaseAddress: 0x0000000800000000, ArchiveRelocationMode: 0.
Compressed class space mapped at: 0x0000000800c00000-0x0000000840c00000, reserved size: 1073741824
Narrow klass base: 0x0000000800000000, Narrow klass shift: 0, Narrow klass range: 0x100000000

GC Precious Log:
 CPUs: 4 total, 4 available
 Memory: 8181M
 Large Page Support: Disabled
 NUMA Support: Disabled
 Compressed Oops: Enabled (32-bit)
 Heap Region Size: 1M
 Heap Min Capacity: 8M
 Heap Initial Capacity: 128M
 Heap Max Capacity: 2046M
 Pre-touch: Disabled
 Parallel Workers: 4
 Concurrent Workers: 1
 Concurrent Refinement Workers: 4
 Periodic GC: Disabled

Heap:
 garbage-first heap   total 131072K, used 2048K [0x0000000080200000, 0x0000000100000000)
  region size 1024K, 3 young (3072K), 0 survivors (0K)
 Metaspace       used 894K, committed 1024K, reserved 1056768K
  class space    used 69K, committed 128K, reserved 1048576K

Heap Regions: E=young(eden), S=young(survivor), O=old, HS=humongous(starts), HC=humongous(continues), CS=collection set, F=free, OA=open archive, CA=closed archive, TAMS=top-at-mark-start (previous, next)
|   0|0x0000000080200000, 0x0000000080200000, 0x0000000080300000|  0%| F|  |TAMS 0x0000000080200000, 0x0000000080200000| Untracked 
|   1|0x0000000080300000, 0x0000000080300000, 0x0000000080400000|  0%| F|  |TAMS 0x0000000080300000, 0x0000000080300000| Untracked 
|   2|0x0000000080400000, 0x0000000080400000, 0x0000000080500000|  0%| F|  |TAMS 0x0000000080400000, 0x0000000080400000| Untracked 
|   3|0x0000000080500000, 0x0000000080500000, 0x0000000080600000|  0%| F|  |TAMS 0x0000000080500000, 0x0000000080500000| Untracked 
|   4|0x0000000080600000, 0x0000000080600000, 0x0000000080700000|  0%| F|  |TAMS 0x0000000080600000, 0x0000000080600000| Untracked 
|   5|0x0000000080700000, 0x0000000080700000, 0x0000000080800000|  0%| F|  |TAMS 0x0000000080700000, 0x0000000080700000| Untracked 
|   6|0x0000000080800000, 0x0000000080800000, 0x0000000080900000|  0%| F|  |TAMS 0x0000000080800000, 0x0000000080800000| Untracked 
|   7|0x0000000080900000, 0x0000000080900000, 0x0000000080a00000|  0%| F|  |TAMS 0x0000000080900000, 0x0000000080900000| Untracked 
|   8|0x0000000080a00000, 0x0000000080a00000, 0x0000000080b00000|  0%| F|  |TAMS 0x0000000080a00000, 0x0000000080a00000| Untracked 
|   9|0x0000000080b00000, 0x0000000080b00000, 0x0000000080c00000|  0%| F|  |TAMS 0x0000000080b00000, 0x0000000080b00000| Untracked 
|  10|0x0000000080c00000, 0x0000000080c00000, 0x0000000080d00000|  0%| F|  |TAMS 0x0000000080c00000, 0x0000000080c00000| Untracked 
|  11|0x0000000080d00000, 0x0000000080d00000, 0x0000000080e00000|  0%| F|  |TAMS 0x0000000080d00000, 0x0000000080d00000| Untracked 
|  12|0x0000000080e00000, 0x0000000080e00000, 0x0000000080f00000|  0%| F|  |TAMS 0x0000000080e00000, 0x0000000080e00000| Untracked 
|  13|0x0000000080f00000, 0x0000000080f00000, 0x0000000081000000|  0%| F|  |TAMS 0x0000000080f00000, 0x0000000080f00000| Untracked 
|  14|0x0000000081000000, 0x0000000081000000, 0x0000000081100000|  0%| F|  |TAMS 0x0000000081000000, 0x0000000081000000| Untracked 
|  15|0x0000000081100000, 0x0000000081100000, 0x0000000081200000|  0%| F|  |TAMS 0x0000000081100000, 0x0000000081100000| Untracked 
|  16|0x0000000081200000, 0x0000000081200000, 0x0000000081300000|  0%| F|  |TAMS 0x0000000081200000, 0x0000000081200000| Untracked 
|  17|0x0000000081300000, 0x0000000081300000, 0x0000000081400000|  0%| F|  |TAMS 0x0000000081300000, 0x0000000081300000| Untracked 
|  18|0x0000000081400000, 0x0000000081400000, 0x0000000081500000|  0%| F|  |TAMS 0x0000000081400000, 0x0000000081400000| Untracked 
|  19|0x0000000081500000, 0x0000000081500000, 0x0000000081600000|  0%| F|  |TAMS 0x0000000081500000, 0x0000000081500000| Untracked 
|  20|0x0000000081600000, 0x0000000081600000, 0x0000000081700000|  0%| F|  |TAMS 0x0000000081600000, 0x0000000081600000| Untracked 
|  21|0x0000000081700000, 0x0000000081700000, 0x0000000081800000|  0%| F|  |TAMS 0x0000000081700000, 0x0000000081700000| Untracked 
|  22|0x0000000081800000, 0x0000000081800000, 0x0000000081900000|  0%| F|  |TAMS 0x0000000081800000, 0x0000000081800000| Untracked 
|  23|0x0000000081900000, 0x0000000081900000, 0x0000000081a00000|  0%| F|  |TAMS 0x0000000081900000, 0x0000000081900000| Untracked 
|  24|0x0000000081a00000, 0x0000000081a00000, 0x0000000081b00000|  0%| F|  |TAMS 0x0000000081a00000, 0x0000000081a00000| Untracked 
|  25|0x0000000081b00000, 0x0000000081b00000, 0x0000000081c00000|  0%| F|  |TAMS 0x0000000081b00000, 0x0000000081b00000| Untracked 
|  26|0x0000000081c00000, 0x0000000081c00000, 0x0000000081d00000|  0%| F|  |TAMS 0x0000000081c00000, 0x0000000081c00000| Untracked 
|  27|0x0000000081d00000, 0x0000000081d00000, 0x0000000081e00000|  0%| F|  |TAMS 0x0000000081d00000, 0x0000000081d00000| Untracked 
|  28|0x0000000081e00000, 0x0000000081e00000, 0x0000000081f00000|  0%| F|  |TAMS 0x0000000081e00000, 0x0000000081e00000| Untracked 
|  29|0x0000000081f00000, 0x0000000081f00000, 0x0000000082000000|  0%| F|  |TAMS 0x0000000081f00000, 0x0000000081f00000| Untracked 
|  30|0x0000000082000000, 0x0000000082000000, 0x0000000082100000|  0%| F|  |TAMS 0x0000000082000000, 0x0000000082000000| Untracked 
|  31|0x0000000082100000, 0x0000000082100000, 0x0000000082200000|  0%| F|  |TAMS 0x0000000082100000, 0x0000000082100000| Untracked 
|  32|0x0000000082200000, 0x0000000082200000, 0x0000000082300000|  0%| F|  |TAMS 0x0000000082200000, 0x0000000082200000| Untracked 
|  33|0x0000000082300000, 0x0000000082300000, 0x0000000082400000|  0%| F|  |TAMS 0x0000000082300000, 0x0000000082300000| Untracked 
|  34|0x0000000082400000, 0x0000000082400000, 0x0000000082500000|  0%| F|  |TAMS 0x0000000082400000, 0x0000000082400000| Untracked 
|  35|0x0000000082500000, 0x0000000082500000, 0x0000000082600000|  0%| F|  |TAMS 0x0000000082500000, 0x0000000082500000| Untracked 
|  36|0x0000000082600000, 0x0000000082600000, 0x0000000082700000|  0%| F|  |TAMS 0x0000000082600000, 0x0000000082600000| Untracked 
|  37|0x0000000082700000, 0x0000000082700000, 0x0000000082800000|  0%| F|  |TAMS 0x0000000082700000, 0x0000000082700000| Untracked 
|  38|0x0000000082800000, 0x0000000082800000, 0x0000000082900000|  0%| F|  |TAMS 0x0000000082800000, 0x0000000082800000| Untracked 
|  39|0x0000000082900000, 0x0000000082900000, 0x0000000082a00000|  0%| F|  |TAMS 0x0000000082900000, 0x0000000082900000| Untracked 
|  40|0x0000000082a00000, 0x0000000082a00000, 0x0000000082b00000|  0%| F|  |TAMS 0x0000000082a00000, 0x0000000082a00000| Untracked 
|  41|0x0000000082b00000, 0x0000000082b00000, 0x0000000082c00000|  0%| F|  |TAMS 0x0000000082b00000, 0x0000000082b00000| Untracked 
|  42|0x0000000082c00000, 0x0000000082c00000, 0x0000000082d00000|  0%| F|  |TAMS 0x0000000082c00000, 0x0000000082c00000| Untracked 
|  43|0x0000000082d00000, 0x0000000082d00000, 0x0000000082e00000|  0%| F|  |TAMS 0x0000000082d00000, 0x0000000082d00000| Untracked 
|  44|0x0000000082e00000, 0x0000000082e00000, 0x0000000082f00000|  0%| F|  |TAMS 0x0000000082e00000, 0x0000000082e00000| Untracked 
|  45|0x0000000082f00000, 0x0000000082f00000, 0x0000000083000000|  0%| F|  |TAMS 0x0000000082f00000, 0x0000000082f00000| Untracked 
|  46|0x0000000083000000, 0x0000000083000000, 0x0000000083100000|  0%| F|  |TAMS 0x0000000083000000, 0x0000000083000000| Untracked 
|  47|0x0000000083100000, 0x0000000083100000, 0x0000000083200000|  0%| F|  |TAMS 0x0000000083100000, 0x0000000083100000| Untracked 
|  48|0x0000000083200000, 0x0000000083200000, 0x0000000083300000|  0%| F|  |TAMS 0x0000000083200000, 0x0000000083200000| Untracked 
|  49|0x0000000083300000, 0x0000000083300000, 0x0000000083400000|  0%| F|  |TAMS 0x0000000083300000, 0x0000000083300000| Untracked 
|  50|0x0000000083400000, 0x0000000083400000, 0x0000000083500000|  0%| F|  |TAMS 0x0000000083400000, 0x0000000083400000| Untracked 
|  51|0x0000000083500000, 0x0000000083500000, 0x0000000083600000|  0%| F|  |TAMS 0x0000000083500000, 0x0000000083500000| Untracked 
|  52|0x0000000083600000, 0x0000000083600000, 0x0000000083700000|  0%| F|  |TAMS 0x0000000083600000, 0x0000000083600000| Untracked 
|  53|0x0000000083700000, 0x0000000083700000, 0x0000000083800000|  0%| F|  |TAMS 0x0000000083700000, 0x0000000083700000| Untracked 
|  54|0x0000000083800000, 0x0000000083800000, 0x0000000083900000|  0%| F|  |TAMS 0x0000000083800000, 0x0000000083800000| Untracked 
|  55|0x0000000083900000, 0x0000000083900000, 0x0000000083a00000|  0%| F|  |TAMS 0x0000000083900000, 0x0000000083900000| Untracked 
|  56|0x0000000083a00000, 0x0000000083a00000, 0x0000000083b00000|  0%| F|  |TAMS 0x0000000083a00000, 0x0000000083a00000| Untracked 
|  57|0x0000000083b00000, 0x0000000083b00000, 0x0000000083c00000|  0%| F|  |TAMS 0x0000000083b00000, 0x0000000083b00000| Untracked 
|  58|0x0000000083c00000, 0x0000000083c00000, 0x0000000083d00000|  0%| F|  |TAMS 0x0000000083c00000, 0x0000000083c00000| Untracked 
|  59|0x0000000083d00000, 0x0000000083d00000, 0x0000000083e00000|  0%| F|  |TAMS 0x0000000083d00000, 0x0000000083d00000| Untracked 
|  60|0x0000000083e00000, 0x0000000083e00000, 0x0000000083f00000|  0%| F|  |TAMS 0x0000000083e00000, 0x0000000083e00000| Untracked 
|  61|0x0000000083f00000, 0x0000000083f00000, 0x0000000084000000|  0%| F|  |TAMS 0x0000000083f00000, 0x0000000083f00000| Untracked 
|  62|0x0000000084000000, 0x0000000084000000, 0x0000000084100000|  0%| F|  |TAMS 0x0000000084000000, 0x0000000084000000| Untracked 
|  63|0x0000000084100000, 0x0000000084100000, 0x0000000084200000|  0%| F|  |TAMS 0x0000000084100000, 0x0000000084100000| Untracked 
|  64|0x0000000084200000, 0x0000000084200000, 0x0000000084300000|  0%| F|  |TAMS 0x0000000084200000, 0x0000000084200000| Untracked 
|  65|0x0000000084300000, 0x0000000084300000, 0x0000000084400000|  0%| F|  |TAMS 0x0000000084300000, 0x0000000084300000| Untracked 
|  66|0x0000000084400000, 0x0000000084400000, 0x0000000084500000|  0%| F|  |TAMS 0x0000000084400000, 0x0000000084400000| Untracked 
|  67|0x0000000084500000, 0x0000000084500000, 0x0000000084600000|  0%| F|  |TAMS 0x0000000084500000, 0x0000000084500000| Untracked 
|  68|0x0000000084600000, 0x0000000084600000, 0x0000000084700000|  0%| F|  |TAMS 0x0000000084600000, 0x0000000084600000| Untracked 
|  69|0x0000000084700000, 0x0000000084700000, 0x0000000084800000|  0%| F|  |TAMS 0x0000000084700000, 0x0000000084700000| Untracked 
|  70|0x0000000084800000, 0x0000000084800000, 0x0000000084900000|  0%| F|  |TAMS 0x0000000084800000, 0x0000000084800000| Untracked 
|  71|0x0000000084900000, 0x0000000084900000, 0x0000000084a00000|  0%| F|  |TAMS 0x0000000084900000, 0x0000000084900000| Untracked 
|  72|0x0000000084a00000, 0x0000000084a00000, 0x0000000084b00000|  0%| F|  |TAMS 0x0000000084a00000, 0x0000000084a00000| Untracked 
|  73|0x0000000084b00000, 0x0000000084b00000, 0x0000000084c00000|  0%| F|  |TAMS 0x0000000084b00000, 0x0000000084b00000| Untracked 
|  74|0x0000000084c00000, 0x0000000084c00000, 0x0000000084d00000|  0%| F|  |TAMS 0x0000000084c00000, 0x0000000084c00000| Untracked 
|  75|0x0000000084d00000, 0x0000000084d00000, 0x0000000084e00000|  0%| F|  |TAMS 0x0000000084d00000, 0x0000000084d00000| Untracked 
|  76|0x0000000084e00000, 0x0000000084e00000, 0x0000000084f00000|  0%| F|  |TAMS 0x0000000084e00000, 0x0000000084e00000| Untracked 
|  77|0x0000000084f00000, 0x0000000084f00000, 0x0000000085000000|  0%| F|  |TAMS 0x0000000084f00000, 0x0000000084f00000| Untracked 
|  78|0x0000000085000000, 0x0000000085000000, 0x0000000085100000|  0%| F|  |TAMS 0x0000000085000000, 0x0000000085000000| Untracked 
|  79|0x0000000085100000, 0x0000000085100000, 0x0000000085200000|  0%| F|  |TAMS 0x0000000085100000, 0x0000000085100000| Untracked 
|  80|0x0000000085200000, 0x0000000085200000, 0x0000000085300000|  0%| F|  |TAMS 0x0000000085200000, 0x0000000085200000| Untracked 
|  81|0x0000000085300000, 0x0000000085300000, 0x0000000085400000|  0%| F|  |TAMS 0x0000000085300000, 0x0000000085300000| Untracked 
|  82|0x0000000085400000, 0x0000000085400000, 0x0000000085500000|  0%| F|  |TAMS 0x0000000085400000, 0x0000000085400000| Untracked 
|  83|0x0000000085500000, 0x0000000085500000, 0x0000000085600000|  0%| F|  |TAMS 0x0000000085500000, 0x0000000085500000| Untracked 
|  84|0x0000000085600000, 0x0000000085600000, 0x0000000085700000|  0%| F|  |TAMS 0x0000000085600000, 0x0000000085600000| Untracked 
|  85|0x0000000085700000, 0x0000000085700000, 0x0000000085800000|  0%| F|  |TAMS 0x0000000085700000, 0x0000000085700000| Untracked 
|  86|0x0000000085800000, 0x0000000085800000, 0x0000000085900000|  0%| F|  |TAMS 0x0000000085800000, 0x0000000085800000| Untracked 
|  87|0x0000000085900000, 0x0000000085900000, 0x0000000085a00000|  0%| F|  |TAMS 0x0000000085900000, 0x0000000085900000| Untracked 
|  88|0x0000000085a00000, 0x0000000085a00000, 0x0000000085b00000|  0%| F|  |TAMS 0x0000000085a00000, 0x0000000085a00000| Untracked 
|  89|0x0000000085b00000, 0x0000000085b00000, 0x0000000085c00000|  0%| F|  |TAMS 0x0000000085b00000, 0x0000000085b00000| Untracked 
|  90|0x0000000085c00000, 0x0000000085c00000, 0x0000000085d00000|  0%| F|  |TAMS 0x0000000085c00000, 0x0000000085c00000| Untracked 
|  91|0x0000000085d00000, 0x0000000085d00000, 0x0000000085e00000|  0%| F|  |TAMS 0x0000000085d00000, 0x0000000085d00000| Untracked 
|  92|0x0000000085e00000, 0x0000000085e00000, 0x0000000085f00000|  0%| F|  |TAMS 0x0000000085e00000, 0x0000000085e00000| Untracked 
|  93|0x0000000085f00000, 0x0000000085f00000, 0x0000000086000000|  0%| F|  |TAMS 0x0000000085f00000, 0x0000000085f00000| Untracked 
|  94|0x0000000086000000, 0x0000000086000000, 0x0000000086100000|  0%| F|  |TAMS 0x0000000086000000, 0x0000000086000000| Untracked 
|  95|0x0000000086100000, 0x0000000086100000, 0x0000000086200000|  0%| F|  |TAMS 0x0000000086100000, 0x0000000086100000| Untracked 
|  96|0x0000000086200000, 0x0000000086200000, 0x0000000086300000|  0%| F|  |TAMS 0x0000000086200000, 0x0000000086200000| Untracked 
|  97|0x0000000086300000, 0x0000000086300000, 0x0000000086400000|  0%| F|  |TAMS 0x0000000086300000, 0x0000000086300000| Untracked 
|  98|0x0000000086400000, 0x0000000086400000, 0x0000000086500000|  0%| F|  |TAMS 0x0000000086400000, 0x0000000086400000| Untracked 
|  99|0x0000000086500000, 0x0000000086500000, 0x0000000086600000|  0%| F|  |TAMS 0x0000000086500000, 0x0000000086500000| Untracked 
| 100|0x0000000086600000, 0x0000000086600000, 0x0000000086700000|  0%| F|  |TAMS 0x0000000086600000, 0x0000000086600000| Untracked 
| 101|0x0000000086700000, 0x0000000086700000, 0x0000000086800000|  0%| F|  |TAMS 0x0000000086700000, 0x0000000086700000| Untracked 
| 102|0x0000000086800000, 0x0000000086800000, 0x0000000086900000|  0%| F|  |TAMS 0x0000000086800000, 0x0000000086800000| Untracked 
| 103|0x0000000086900000, 0x0000000086900000, 0x0000000086a00000|  0%| F|  |TAMS 0x0000000086900000, 0x0000000086900000| Untracked 
| 104|0x0000000086a00000, 0x0000000086a00000, 0x0000000086b00000|  0%| F|  |TAMS 0x0000000086a00000, 0x0000000086a00000| Untracked 
| 105|0x0000000086b00000, 0x0000000086b00000, 0x0000000086c00000|  0%| F|  |TAMS 0x0000000086b00000, 0x0000000086b00000| Untracked 
| 106|0x0000000086c00000, 0x0000000086c00000, 0x0000000086d00000|  0%| F|  |TAMS 0x0000000086c00000, 0x0000000086c00000| Untracked 
| 107|0x0000000086d00000, 0x0000000086d00000, 0x0000000086e00000|  0%| F|  |TAMS 0x0000000086d00000, 0x0000000086d00000| Untracked 
| 108|0x0000000086e00000, 0x0000000086e00000, 0x0000000086f00000|  0%| F|  |TAMS 0x0000000086e00000, 0x0000000086e00000| Untracked 
| 109|0x0000000086f00000, 0x0000000086f00000, 0x0000000087000000|  0%| F|  |TAMS 0x0000000086f00000, 0x0000000086f00000| Untracked 
| 110|0x0000000087000000, 0x0000000087000000, 0x0000000087100000|  0%| F|  |TAMS 0x0000000087000000, 0x0000000087000000| Untracked 
| 111|0x0000000087100000, 0x0000000087100000, 0x0000000087200000|  0%| F|  |TAMS 0x0000000087100000, 0x0000000087100000| Untracked 
| 112|0x0000000087200000, 0x0000000087200000, 0x0000000087300000|  0%| F|  |TAMS 0x0000000087200000, 0x0000000087200000| Untracked 
| 113|0x0000000087300000, 0x0000000087300000, 0x0000000087400000|  0%| F|  |TAMS 0x0000000087300000, 0x0000000087300000| Untracked 
| 114|0x0000000087400000, 0x0000000087400000, 0x0000000087500000|  0%| F|  |TAMS 0x0000000087400000, 0x0000000087400000| Untracked 
| 115|0x0000000087500000, 0x0000000087500000, 0x0000000087600000|  0%| F|  |TAMS 0x0000000087500000, 0x0000000087500000| Untracked 
| 116|0x0000000087600000, 0x0000000087600000, 0x0000000087700000|  0%| F|  |TAMS 0x0000000087600000, 0x0000000087600000| Untracked 
| 117|0x0000000087700000, 0x0000000087700000, 0x0000000087800000|  0%| F|  |TAMS 0x0000000087700000, 0x0000000087700000| Untracked 
| 118|0x0000000087800000, 0x0000000087800000, 0x0000000087900000|  0%| F|  |TAMS 0x0000000087800000, 0x0000000087800000| Untracked 
| 119|0x0000000087900000, 0x0000000087900000, 0x0000000087a00000|  0%| F|  |TAMS 0x0000000087900000, 0x0000000087900000| Untracked 
| 120|0x0000000087a00000, 0x0000000087a00000, 0x0000000087b00000|  0%| F|  |TAMS 0x0000000087a00000, 0x0000000087a00000| Untracked 
| 121|0x0000000087b00000, 0x0000000087b00000, 0x0000000087c00000|  0%| F|  |TAMS 0x0000000087b00000, 0x0000000087b00000| Untracked 
| 122|0x0000000087c00000, 0x0000000087c00000, 0x0000000087d00000|  0%| F|  |TAMS 0x0000000087c00000, 0x0000000087c00000| Untracked 
| 123|0x0000000087d00000, 0x0000000087d00000, 0x0000000087e00000|  0%| F|  |TAMS 0x0000000087d00000, 0x0000000087d00000| Untracked 
| 124|0x0000000087e00000, 0x0000000087e00000, 0x0000000087f00000|  0%| F|  |TAMS 0x0000000087e00000, 0x0000000087e00000| Untracked 
| 125|0x0000000087f00000, 0x0000000087f85a70, 0x0000000088000000| 52%| E|  |TAMS 0x0000000087f00000, 0x0000000087f00000| Complete 
| 126|0x0000000088000000, 0x0000000088100000, 0x0000000088100000|100%| E|CS|TAMS 0x0000000088000000, 0x0000000088000000| Complete 
| 127|0x0000000088100000, 0x0000000088200000, 0x0000000088200000|100%| E|CS|TAMS 0x0000000088100000, 0x0000000088100000| Complete 

Card table byte_map: [0x0000028c7e000000,0x0000028c7e400000] _byte_map_base: 0x0000028c7dbff000

Marking Bits (Prev, Next): (CMBitMap*) 0x0000028c743276f0, (CMBitMap*) 0x0000028c74327730
 Prev Bits: [0x0000028c0f000000, 0x0000028c10ff8000)
 Next Bits: [0x0000028c11000000, 0x0000028c12ff8000)

Polling page: 0x0000028c743b0000

Metaspace:

Usage:
  Non-class:    825.38 KB used.
      Class:     69.62 KB used.
       Both:    894.99 KB used.

Virtual space:
  Non-class space:        8.00 MB reserved,     896.00 KB ( 11%) committed,  1 nodes.
      Class space:        1.00 GB reserved,     128.00 KB ( <1%) committed,  1 nodes.
             Both:        1.01 GB reserved,       1.00 MB ( <1%) committed. 

Chunk freelists:
   Non-Class:  3.93 MB
       Class:  3.73 MB
        Both:  7.66 MB

MaxMetaspaceSize: unlimited
CompressedClassSpaceSize: 1.00 GB
Initial GC threshold: 21.00 MB
Current GC threshold: 21.00 MB
CDS: on
MetaspaceReclaimPolicy: balanced
 - commit_granule_bytes: 65536.
 - commit_granule_words: 8192.
 - virtual_space_node_default_size: 1048576.
 - enlarge_chunks_in_place: 1.
 - new_chunks_are_fully_committed: 0.
 - uncommit_free_chunks: 1.
 - use_allocation_guard: 0.
 - handle_deallocations: 1.


Internal statistics:

num_allocs_failed_limit: 0.
num_arena_births: 28.
num_arena_deaths: 0.
num_vsnodes_births: 2.
num_vsnodes_deaths: 0.
num_space_committed: 16.
num_space_uncommitted: 0.
num_chunks_returned_to_freelist: 0.
num_chunks_taken_from_freelist: 37.
num_chunk_merges: 0.
num_chunk_splits: 23.
num_chunks_enlarged: 15.
num_purges: 0.
num_inconsistent_stats: 0.

CodeHeap 'non-profiled nmethods': size=120000Kb used=90Kb max_used=90Kb free=119909Kb
 bounds [0x0000028c07ad0000, 0x0000028c07d40000, 0x0000028c0f000000]
CodeHeap 'profiled nmethods': size=120000Kb used=335Kb max_used=335Kb free=119665Kb
 bounds [0x0000028c005a0000, 0x0000028c00810000, 0x0000028c07ad0000]
CodeHeap 'non-nmethods': size=5760Kb used=1120Kb max_used=1132Kb free=4639Kb
 bounds [0x0000028c00000000, 0x0000028c00270000, 0x0000028c005a0000]
 total_blobs=680 nmethods=276 adapters=318
 compilation: enabled
              stopped_count=0, restarted_count=0
 full_count=0

Compilation events (20 events):
Event: 0.375 Thread 0x0000028c7edffe60  244       3       jdk.internal.org.objectweb.asm.SymbolTable::put (150 bytes)
Event: 0.376 Thread 0x0000028c7edfdb40  252       4       java.util.Objects::requireNonNull (14 bytes)
Event: 0.376 Thread 0x0000028c7edffe60 nmethod 244 0x0000028c005e3b90 code [0x0000028c005e3d80, 0x0000028c005e4618]
Event: 0.376 Thread 0x0000028c7edffe60  250       3       java.lang.Number::<init> (5 bytes)
Event: 0.376 Thread 0x0000028c7edffe60 nmethod 250 0x0000028c005e4910 code [0x0000028c005e4aa0, 0x0000028c005e4bf8]
Event: 0.376 Thread 0x0000028c7edffe60  248       1       java.lang.invoke.MethodTypeForm::erasedType (5 bytes)
Event: 0.376 Thread 0x0000028c7edffe60 nmethod 248 0x0000028c07ae3f90 code [0x0000028c07ae4120, 0x0000028c07ae41f8]
Event: 0.376 Thread 0x0000028c7edfdb40 nmethod 252 0x0000028c07ae4290 code [0x0000028c07ae4400, 0x0000028c07ae4478]
Event: 0.377 Thread 0x0000028c7edffe60  254       3       jdk.internal.org.objectweb.asm.ByteVector::putShort (52 bytes)
Event: 0.377 Thread 0x0000028c7edffe60 nmethod 254 0x0000028c005e4c90 code [0x0000028c005e4e40, 0x0000028c005e5048]
Event: 0.378 Thread 0x0000028c7edffe60  256       3       java.lang.reflect.Modifier::isStatic (13 bytes)
Event: 0.378 Thread 0x0000028c7edffe60 nmethod 256 0x0000028c005e5190 code [0x0000028c005e5320, 0x0000028c005e5478]
Event: 0.378 Thread 0x0000028c7edffe60  257       3       java.lang.invoke.MemberName::isStatic (8 bytes)
Event: 0.379 Thread 0x0000028c7edffe60 nmethod 257 0x0000028c005e5510 code [0x0000028c005e56a0, 0x0000028c005e5878]
Event: 0.379 Thread 0x0000028c7edffe60  259   !   3       java.lang.invoke.MemberName::getMethodType (211 bytes)
Event: 0.381 Thread 0x0000028c7edffe60 nmethod 259 0x0000028c005e5910 code [0x0000028c005e5c00, 0x0000028c005e71d8]
Event: 0.381 Thread 0x0000028c7edffe60  261       3       jdk.internal.org.objectweb.asm.SymbolTable$Entry::<init> (17 bytes)
Event: 0.381 Thread 0x0000028c7edffe60 nmethod 261 0x0000028c005e7790 code [0x0000028c005e7940, 0x0000028c005e7ac8]
Event: 0.381 Thread 0x0000028c7edffe60  262       3       jdk.internal.org.objectweb.asm.Frame::execute (2305 bytes)
Event: 0.390 Thread 0x0000028c7edfdb40  274       4       java.lang.ref.Reference::reachabilityFence (1 bytes)

GC Heap History (0 events):
No events

Deoptimization events (0 events):
No events

Classes unloaded (0 events):
No events

Classes redefined (0 events):
No events

Internal exceptions (2 events):
Event: 0.356 Thread 0x0000028c7f8fa600 Exception <a 'java/lang/NoSuchMethodError'{0x0000000087f04a88}: 'java.lang.Object java.lang.invoke.DirectMethodHandle$Holder.invokeStaticInit(java.lang.Object)'> (0x0000000087f04a88) 
thrown [s\src\hotspot\share\interpreter\linkResolver.cpp, line 759]
Event: 0.375 Thread 0x0000028c7f8fa600 Exception <a 'java/lang/NoSuchMethodError'{0x0000000087f12968}: 'void java.lang.invoke.DirectMethodHandle$Holder.invokeStatic(java.lang.Object, java.lang.Object)'> (0x0000000087f12968) 
thrown [s\src\hotspot\share\interpreter\linkResolver.cpp, line 759]

VM Operations (4 events):
Event: 0.232 Executing VM operation: HandshakeAllThreads
Event: 0.232 Executing VM operation: HandshakeAllThreads done
Event: 0.351 Executing VM operation: HandshakeAllThreads
Event: 0.351 Executing VM operation: HandshakeAllThreads done

Events (20 events):
Event: 0.378 loading class sun/net/spi/DefaultProxySelector done
Event: 0.378 loading class java/net/Proxy
Event: 0.378 loading class java/net/Proxy done
Event: 0.378 loading class java/net/Proxy$Type
Event: 0.378 loading class java/net/Proxy$Type done
Event: 0.378 loading class sun/net/spi/DefaultProxySelector$1
Event: 0.379 loading class sun/net/spi/DefaultProxySelector$1 done
Event: 0.379 loading class sun/net/spi/DefaultProxySelector$NonProxyInfo
Event: 0.380 loading class sun/net/spi/DefaultProxySelector$NonProxyInfo done
Event: 0.380 loading class sun/net/spi/DefaultProxySelector$3
Event: 0.380 loading class sun/net/spi/DefaultProxySelector$3 done
Event: 0.380 loading class sun/net/NetHooks
Event: 0.380 loading class sun/net/NetHooks done
Event: 0.380 loading class sun/nio/ch/NativeThread
Event: 0.380 loading class sun/nio/ch/NativeThread done
Event: 0.382 loading class java/net/Socket$SocketInputStream
Event: 0.384 loading class java/net/Socket$SocketInputStream done
Event: 0.384 loading class sun/nio/ch/NioSocketImpl$1
Event: 0.384 loading class sun/nio/ch/NioSocketImpl$1 done
Event: 0.385 loading class sun/nio/cs/US_ASCII$Decoder


Dynamic libraries:
0x00007ff6cdb60000 - 0x00007ff6cdb6d000 	C:\Users\Wisniewskie\.jdks\corretto-17.0.4\bin\java.exe
0x00007ffe94430000 - 0x00007ffe94628000 	C:\Windows\SYSTEM32\ntdll.dll
0x00007ffe88c20000 - 0x00007ffe88c37000 	C:\Program Files\Avast Software\Avast\aswhook.dll
0x00007ffe93530000 - 0x00007ffe935ed000 	C:\Windows\System32\KERNEL32.DLL
0x00007ffe91fa0000 - 0x00007ffe9226e000 	C:\Windows\System32\KERNELBASE.dll
0x00007ffe91b50000 - 0x00007ffe91c50000 	C:\Windows\System32\ucrtbase.dll
0x00007ffe86410000 - 0x00007ffe86425000 	C:\Users\Wisniewskie\.jdks\corretto-17.0.4\bin\VCRUNTIME140.dll
0x00007ffe88d50000 - 0x00007ffe88d68000 	C:\Users\Wisniewskie\.jdks\corretto-17.0.4\bin\jli.dll
0x00007ffe94040000 - 0x00007ffe941e0000 	C:\Windows\System32\USER32.dll
0x00007ffe91d90000 - 0x00007ffe91db2000 	C:\Windows\System32\win32u.dll
0x00007ffe931a0000 - 0x00007ffe931ca000 	C:\Windows\System32\GDI32.dll
0x00007ffe91e90000 - 0x00007ffe91f9b000 	C:\Windows\System32\gdi32full.dll
0x00007ffe91dc0000 - 0x00007ffe91e5d000 	C:\Windows\System32\msvcp_win.dll
0x00007ffe853d0000 - 0x00007ffe8566a000 	C:\Windows\WinSxS\amd64_microsoft.windows.common-controls_6595b64144ccf1df_6.0.19041.1110_none_60b5254171f9507e\COMCTL32.dll
0x00007ffe933c0000 - 0x00007ffe9345e000 	C:\Windows\System32\msvcrt.dll
0x00007ffe93500000 - 0x00007ffe93530000 	C:\Windows\System32\IMM32.DLL
0x00007ffe79fd0000 - 0x00007ffe7a06b000 	C:\Users\Wisniewskie\.jdks\corretto-17.0.4\bin\msvcp140.dll
0x00007ffdfecd0000 - 0x00007ffdff8e4000 	C:\Users\Wisniewskie\.jdks\corretto-17.0.4\bin\server\jvm.dll
0x00007ffe93310000 - 0x00007ffe933be000 	C:\Windows\System32\ADVAPI32.dll
0x00007ffe925e0000 - 0x00007ffe9267c000 	C:\Windows\System32\sechost.dll
0x00007ffe936c0000 - 0x00007ffe937e5000 	C:\Windows\System32\RPCRT4.dll
0x00007ffe93190000 - 0x00007ffe93198000 	C:\Windows\System32\PSAPI.DLL
0x00007ffe86490000 - 0x00007ffe86499000 	C:\Windows\SYSTEM32\WSOCK32.dll
0x00007ffe85880000 - 0x00007ffe858a7000 	C:\Windows\SYSTEM32\WINMM.dll
0x00007ffe93b00000 - 0x00007ffe93b6b000 	C:\Windows\System32\WS2_32.dll
0x00007ffe89bd0000 - 0x00007ffe89bda000 	C:\Windows\SYSTEM32\VERSION.dll
0x00007ffe903e0000 - 0x00007ffe903f2000 	C:\Windows\SYSTEM32\kernel.appcore.dll
0x00007ffe8c850000 - 0x00007ffe8c85a000 	C:\Users\Wisniewskie\.jdks\corretto-17.0.4\bin\jimage.dll
0x00007ffe88f60000 - 0x00007ffe89144000 	C:\Windows\SYSTEM32\DBGHELP.DLL
0x00007ffe88e20000 - 0x00007ffe88e4c000 	C:\Windows\SYSTEM32\dbgcore.DLL
0x00007ffe91c50000 - 0x00007ffe91cd2000 	C:\Windows\System32\bcryptPrimitives.dll
0x00007ffe8c2b0000 - 0x00007ffe8c2be000 	C:\Users\Wisniewskie\.jdks\corretto-17.0.4\bin\instrument.dll
0x00007ffe84910000 - 0x00007ffe84935000 	C:\Users\Wisniewskie\.jdks\corretto-17.0.4\bin\java.dll
0x00007ffe6a3f0000 - 0x00007ffe6a4c6000 	C:\Users\Wisniewskie\.jdks\corretto-17.0.4\bin\jsvml.dll
0x00007ffe929e0000 - 0x00007ffe93124000 	C:\Windows\System32\SHELL32.dll
0x00007ffe8fc00000 - 0x00007ffe90394000 	C:\Windows\SYSTEM32\windows.storage.dll
0x00007ffe92680000 - 0x00007ffe929d4000 	C:\Windows\System32\combase.dll
0x00007ffe915b0000 - 0x00007ffe915e0000 	C:\Windows\SYSTEM32\Wldp.dll
0x00007ffe938d0000 - 0x00007ffe9397d000 	C:\Windows\System32\SHCORE.dll
0x00007ffe941e0000 - 0x00007ffe94235000 	C:\Windows\System32\shlwapi.dll
0x00007ffe91a90000 - 0x00007ffe91aaf000 	C:\Windows\SYSTEM32\profapi.dll
0x00007ffe85e10000 - 0x00007ffe85e28000 	C:\Users\Wisniewskie\.jdks\corretto-17.0.4\bin\zip.dll
0x00007ffe8b930000 - 0x00007ffe8b949000 	C:\Users\Wisniewskie\.jdks\corretto-17.0.4\bin\net.dll
0x00007ffe8bc20000 - 0x00007ffe8bd2a000 	C:\Windows\SYSTEM32\WINHTTP.dll
0x00007ffe91310000 - 0x00007ffe9137a000 	C:\Windows\system32\mswsock.dll
0x00007ffe8b910000 - 0x00007ffe8b925000 	C:\Users\Wisniewskie\.jdks\corretto-17.0.4\bin\nio.dll
0x00007ffe8a6c0000 - 0x00007ffe8a6da000 	C:\Program Files\JetBrains\IntelliJ IDEA Community Edition 2022.2\bin\breakgen64.dll

dbghelp: loaded successfully - version: 4.0.5 - missing functions: none
symbol engine: initialized successfully - sym options: 0x614 - pdb path: .;C:\Users\Wisniewskie\.jdks\corretto-17.0.4\bin;C:\Windows\SYSTEM32;C:\Program Files\Avast Software\Avast;C:\Windows\WinSxS\amd64_microsoft.windows.common-controls_6595b64144ccf1df_6.0.19041.1110_none_60b5254171f9507e;C:\Users\Wisniewskie\.jdks\corretto-17.0.4\bin\server;C:\Program Files\JetBrains\IntelliJ IDEA Community Edition 2022.2\bin

VM Arguments:
jvm_args: -javaagent:C:\Program Files\JetBrains\IntelliJ IDEA Community Edition 2022.2\lib\idea_rt.jar=59765:C:\Program Files\JetBrains\IntelliJ IDEA Community Edition 2022.2\bin -Dfile.encoding=UTF-8 
java_command: director.Application
java_class_path (initial): C:\Users\Wisniewskie\Desktop\Aplikacja DREAMBOATFINDER\BoatRent\target\classes;C:\Users\Wisniewskie\.m2\repository\mysql\mysql-connector-java\8.0.30\mysql-connector-java-8.0.30.jar;C:\Users\Wisniewskie\.m2\repository\com\google\protobuf\protobuf-java\3.19.4\protobuf-java-3.19.4.jar
Launcher Type: SUN_STANDARD

[Global flags]
     intx CICompilerCount                          = 3                                         {product} {ergonomic}
     uint ConcGCThreads                            = 1                                         {product} {ergonomic}
     uint G1ConcRefinementThreads                  = 4                                         {product} {ergonomic}
   size_t G1HeapRegionSize                         = 1048576                                   {product} {ergonomic}
    uintx GCDrainStackTargetSize                   = 64                                        {product} {ergonomic}
   size_t InitialHeapSize                          = 134217728                                 {product} {ergonomic}
   size_t MarkStackSize                            = 4194304                                   {product} {ergonomic}
   size_t MaxHeapSize                              = 2145386496                                {product} {ergonomic}
   size_t MaxNewSize                               = 1286602752                                {product} {ergonomic}
   size_t MinHeapDeltaBytes                        = 1048576                                   {product} {ergonomic}
   size_t MinHeapSize                              = 8388608                                   {product} {ergonomic}
    uintx NonNMethodCodeHeapSize                   = 5832780                                {pd product} {ergonomic}
    uintx NonProfiledCodeHeapSize                  = 122912730                              {pd product} {ergonomic}
    uintx ProfiledCodeHeapSize                     = 122912730                              {pd product} {ergonomic}
    uintx ReservedCodeCacheSize                    = 251658240                              {pd product} {ergonomic}
     bool SegmentedCodeCache                       = true                                      {product} {ergonomic}
   size_t SoftMaxHeapSize                          = 2145386496                             {manageable} {ergonomic}
     bool UseCompressedClassPointers               = true                           {product lp64_product} {ergonomic}
     bool UseCompressedOops                        = true                           {product lp64_product} {ergonomic}
     bool UseG1GC                                  = true                                      {product} {ergonomic}
     bool UseLargePagesIndividualAllocation        = false                                  {pd product} {ergonomic}

Logging:
Log output configuration:
 #0: stdout all=warning uptime,level,tags
 #1: stderr all=off uptime,level,tags

Environment Variables:
JAVA_HOME=C:\Program Files\Java\jdk-18.0.2
PATH=C:\Program Files\Common Files\Oracle\Java\javapath;C:\Windows\system32;C:\Windows;C:\Windows\System32\Wbem;C:\Windows\System32\WindowsPowerShell\v1.0\;C:\Windows\System32\OpenSSH\;C:\Program Files\dotnet\;C:\Program Files\Git\cmd;C:\Program Files\gradle-7.5\bin;C:\Program Files\Java\jdk-18.0.2\bin;C:\Users\Wisniewskie\gradle-7.5\bin;C:\Program Files\MySQL\MySQL Shell 8.0\bin\;C:\Users\Wisniewskie\AppData\Local\Microsoft\WindowsApps;
USERNAME=Wisniewskie
OS=Windows_NT
PROCESSOR_IDENTIFIER=Intel64 Family 6 Model 37 Stepping 2, GenuineIntel
TMP=C:\Users\WISNIE~1\AppData\Local\Temp
TEMP=C:\Users\WISNIE~1\AppData\Local\Temp



---------------  S Y S T E M  ---------------

OS:
 Windows 10 , 64 bit Build 19041 (10.0.19041.1889)
OS uptime: 11 days 3:00 hours

CPU: total 4 (initial active 4) (2 cores per cpu, 2 threads per core) family 6 model 37 stepping 2 microcode 0x11, cx8, cmov, fxsr, ht, mmx, sse, sse2, sse3, ssse3, sse4.1, sse4.2, popcnt, tsc, tscinvbit, aes, clmul, clflush

Memory: 4k page, system-wide physical 8181M (568M free)
TotalPageFile size 23129M (AvailPageFile size 2M)
current process WorkingSet (physical memory assigned to process): 35M, peak: 35M
current process commit charge ("private bytes"): 204M, peak: 204M

vm_info: OpenJDK 64-Bit Server VM (17.0.4+8-LTS) for windows-amd64 JRE (17.0.4+8-LTS), built on Jul 15 2022 17:12:09 by "Administrator" with MS VC++ 15.9 (VS2017)

END.
